<?xml version="1.0" encoding="UTF-8"?>
<robot generator="Robot 3.2.2 (Python 3.9.1 on win32)" generated="20210322 18:16:53.851" rpa="false">
<suite id="s1" name="ApiCepTeste" source="C:\Victor-Robot\Tests\API\ApiCepTeste.robot">
<test id="s1-t1" name="Cenário 01: Enviando CEP válidos">
<kw name="Dado que eu faço uma request com dados válidos" library="ApiCepController">
<arguments>
<arg>81670250</arg>
</arguments>
<kw name="Get" library="REST">
<tags>
<tag>http</tag>
</tags>
<doc>*Sends a GET request to the endpoint.*</doc>
<arguments>
<arg>https://viacep.com.br/ws/${CEP}/json/</arg>
</arguments>
<status status="PASS" starttime="20210322 18:16:54.231" endtime="20210322 18:16:56.828"></status>
</kw>
<kw name="Output" library="REST">
<tags>
<tag>I/O</tag>
</tags>
<doc>*Outputs JSON to terminal or a file.*</doc>
<arguments>
<arg>request</arg>
</arguments>
<msg timestamp="20210322 18:16:56.828" level="INFO">
{
    "method": "GET",
    "url": "https://viacep.com.br/ws/81670250/json/",
    "scheme": "https",
    "netloc": "viacep.com.br",
    "path": "/ws/81670250/json/",
    "query": {},
    "body": null,
    "headers": {
        "Accept": "application/json, */*",
        "Content-Type": "application/json",
        "User-Agent": "RESTinstance/1.0.2"
    },
    "proxies": {},
    "timeout": [
        null,
        null
    ],
    "cert": null,
    "sslVerify": true,
    "allowRedirects": true,
    "timestamp": {
        "utc": "2021-03-22T21:16:54.751156+00:00",
        "local": "2021-03-22T18:16:54.751156-03:00"
    }
}</msg>
<status status="PASS" starttime="20210322 18:16:56.828" endtime="20210322 18:16:56.841"></status>
</kw>
<kw name="Output" library="REST">
<tags>
<tag>I/O</tag>
</tags>
<doc>*Outputs JSON to terminal or a file.*</doc>
<arguments>
<arg>response</arg>
</arguments>
<msg timestamp="20210322 18:16:56.841" level="INFO">
{
    "seconds": 0.517616,
    "status": 200,
    "body": {
        "cep": "81670-250",
        "logradouro": "Rua Doutor Danilo Gomes",
        "complemento": "até 899/900",
        "bairro": "Boqueirão",
        "localidade": "Curitiba",
        "uf": "PR",
        "ibge": "4106902",
        "gia": "",
        "ddd": "41",
        "siafi": "7535"
    },
    "headers": {
        "Server": "nginx/1.18.0",
        "Date": "Mon, 22 Mar 2021 21:16:54 GMT",
        "Content-Type": "application/json; charset=utf-8",
        "Transfer-Encoding": "chunked",
        "Connection": "keep-alive",
        "Access-Control-Allow-Origin": "*",
        "Access-Control-Allow-Methods": "GET, OPTIONS",
        "Access-Control-Allow-Headers": "Content-Type, X-Request-With, X-Requested-By",
        "Access-Control-Allow-Credentials": "true",
        "Access-Control-Max-Age": "86400",
        "Expires": "Mon, 22 Mar 2021 22:16:54 GMT",
        "Cache-Control": "max-age=3600, public",
        "Pragma": "public"
    }
}</msg>
<status status="PASS" starttime="20210322 18:16:56.841" endtime="20210322 18:16:56.851"></status>
</kw>
<status status="PASS" starttime="20210322 18:16:54.231" endtime="20210322 18:16:56.851"></status>
</kw>
<kw name="Então eu válido que o status code" library="Config">
<arguments>
<arg>200</arg>
</arguments>
<kw name="Integer" library="REST">
<tags>
<tag>assertions</tag>
</tags>
<doc>*Asserts the field as JSON integer.*</doc>
<arguments>
<arg>response status</arg>
<arg>${StatusCode}</arg>
</arguments>
<status status="PASS" starttime="20210322 18:16:56.851" endtime="20210322 18:16:56.851"></status>
</kw>
<kw name="Output" library="REST">
<tags>
<tag>I/O</tag>
</tags>
<doc>*Outputs JSON to terminal or a file.*</doc>
<arguments>
<arg>response</arg>
</arguments>
<msg timestamp="20210322 18:16:56.851" level="INFO">
{
    "seconds": 0.517616,
    "status": 200,
    "body": {
        "cep": "81670-250",
        "logradouro": "Rua Doutor Danilo Gomes",
        "complemento": "até 899/900",
        "bairro": "Boqueirão",
        "localidade": "Curitiba",
        "uf": "PR",
        "ibge": "4106902",
        "gia": "",
        "ddd": "41",
        "siafi": "7535"
    },
    "headers": {
        "Server": "nginx/1.18.0",
        "Date": "Mon, 22 Mar 2021 21:16:54 GMT",
        "Content-Type": "application/json; charset=utf-8",
        "Transfer-Encoding": "chunked",
        "Connection": "keep-alive",
        "Access-Control-Allow-Origin": "*",
        "Access-Control-Allow-Methods": "GET, OPTIONS",
        "Access-Control-Allow-Headers": "Content-Type, X-Request-With, X-Requested-By",
        "Access-Control-Allow-Credentials": "true",
        "Access-Control-Max-Age": "86400",
        "Expires": "Mon, 22 Mar 2021 22:16:54 GMT",
        "Cache-Control": "max-age=3600, public",
        "Pragma": "public"
    }
}</msg>
<status status="PASS" starttime="20210322 18:16:56.851" endtime="20210322 18:16:56.851"></status>
</kw>
<status status="PASS" starttime="20210322 18:16:56.851" endtime="20210322 18:16:56.851"></status>
</kw>
<tags>
<tag>API</tag>
</tags>
<status status="PASS" starttime="20210322 18:16:54.231" endtime="20210322 18:16:56.851" critical="yes"></status>
</test>
<status status="PASS" starttime="20210322 18:16:53.851" endtime="20210322 18:16:56.851"></status>
</suite>
<statistics>
<total>
<stat pass="1" fail="0">Critical Tests</stat>
<stat pass="1" fail="0">All Tests</stat>
</total>
<tag>
<stat pass="1" fail="0">API</stat>
</tag>
<suite>
<stat pass="1" fail="0" id="s1" name="ApiCepTeste">ApiCepTeste</stat>
</suite>
</statistics>
<errors>
</errors>
</robot>
