<?xml version="1.0" encoding="UTF-8"?>
<robot generator="Robot 3.2.2 (Python 3.9.1 on win32)" generated="20210203 22:09:39.466" rpa="false">
<suite id="s1" name="WEB" source="C:\Victor-Robot\Tests\WEB">
<suite id="s1-s1" name="Top9SitePractice" source="C:\Victor-Robot\Tests\WEB\Top9SitePractice">
<suite id="s1-s1-s1" name="FakeLandingPageTests" source="C:\Victor-Robot\Tests\WEB\Top9SitePractice\FakeLandingPageTests.robot">
<test id="s1-s1-s1-t1" name="Cenário 01: Validação da Página Inicial">
<kw name="Dado que eu acessei a URL para iniciar o teste" library="FakeLandingHomeController">
<arguments>
<arg>https://ultimateqa.com/fake-landing-page</arg>
</arguments>
<kw name="Abrir navegador" library="Config">
<arguments>
<arg>${URL}</arg>
</arguments>
<kw name="Open Browser" library="Selenium2Library">
<doc>Opens a new browser instance to the optional ``url``.</doc>
<arguments>
<arg>${URL}</arg>
<arg>chrome</arg>
<arg>options=add_experimental_option('excludeSwitches',['enable-logging'])</arg>
</arguments>
<msg timestamp="20210203 22:09:39.865" level="INFO">Opening browser 'chrome' to base url 'https://ultimateqa.com/fake-landing-page'.</msg>
<status status="PASS" starttime="20210203 22:09:39.865" endtime="20210203 22:09:45.444"></status>
</kw>
<kw name="Maximize Browser Window" library="Selenium2Library">
<doc>Maximizes current browser window.</doc>
<status status="PASS" starttime="20210203 22:09:45.444" endtime="20210203 22:09:45.618"></status>
</kw>
<kw name="Set Selenium Speed" library="Selenium2Library">
<doc>Sets the delay that is waited after each Selenium command.</doc>
<arguments>
<arg>1 seconds</arg>
</arguments>
<status status="PASS" starttime="20210203 22:09:45.618" endtime="20210203 22:09:45.618"></status>
</kw>
<status status="PASS" starttime="20210203 22:09:39.865" endtime="20210203 22:09:45.618"></status>
</kw>
<status status="PASS" starttime="20210203 22:09:39.864" endtime="20210203 22:09:45.618"></status>
</kw>
<kw name="Então eu realizo a validação de que todos os textos estão corretos" library="FakeLandingHomeController">
<kw name="Element Text Should Be" library="Selenium2Library">
<doc>Verifies that element ``locator`` contains exact the text ``expected``.</doc>
<arguments>
<arg>${FL_Titulo}</arg>
<arg>Learn to Code Websites, Apps &amp; Games</arg>
</arguments>
<msg timestamp="20210203 22:09:45.619" level="INFO">Verifying element 'XPath://div[1]//div[1]/div/div[1]/div[1]/div/h1' contains exact text 'Learn to Code Websites, Apps &amp; Games'.</msg>
<status status="PASS" starttime="20210203 22:09:45.619" endtime="20210203 22:09:47.688"></status>
</kw>
<kw name="Element Text Should Be" library="Selenium2Library">
<doc>Verifies that element ``locator`` contains exact the text ``expected``.</doc>
<arguments>
<arg>${FL_Texto}</arg>
<arg>Class aptent taciti sociosqu ad litora torquent per conubia nostra, per inceptos himenaeos. Sed molestie, velit ut eleifend sollicitudin, neque orci tempor nulla, id sagittis nisi ante nec arcu.</arg>
</arguments>
<msg timestamp="20210203 22:09:47.689" level="INFO">Verifying element 'XPath://*[@id="post-4816"]/div/div[1]/div/div[1]/div/div[1]/div[2]' contains exact text 'Class aptent taciti sociosqu ad litora torquent per conubia nostra, per inceptos himenaeos. Sed molestie, velit ut eleifend sollicitudin, neque orci tempor nulla, id sagittis nisi ante nec arcu.'.</msg>
<status status="PASS" starttime="20210203 22:09:47.688" endtime="20210203 22:09:49.742"></status>
</kw>
<kw name="Element Text Should Be" library="Selenium2Library">
<doc>Verifies that element ``locator`` contains exact the text ``expected``.</doc>
<arguments>
<arg>${FL_Btn_ViewCourses}</arg>
<arg>VIEW COURSES</arg>
</arguments>
<msg timestamp="20210203 22:09:49.743" level="INFO">Verifying element 'XPath://div[3]/a[contains(text(),'View')]' contains exact text 'VIEW COURSES'.</msg>
<status status="PASS" starttime="20210203 22:09:49.742" endtime="20210203 22:09:51.781"></status>
</kw>
<kw name="Element Text Should Be" library="Selenium2Library">
<doc>Verifies that element ``locator`` contains exact the text ``expected``.</doc>
<arguments>
<arg>${FL_Menu_Courses}</arg>
<arg>Courses</arg>
</arguments>
<msg timestamp="20210203 22:09:51.781" level="INFO">Verifying element 'XPath://*[@id="menu-home-page-menu"]/li[1]/a' contains exact text 'Courses'.</msg>
<status status="PASS" starttime="20210203 22:09:51.781" endtime="20210203 22:09:53.809"></status>
</kw>
<kw name="Element Text Should Be" library="Selenium2Library">
<doc>Verifies that element ``locator`` contains exact the text ``expected``.</doc>
<arguments>
<arg>${FL_Menu_SeleniumJava}</arg>
<arg>Selenium Java</arg>
</arguments>
<msg timestamp="20210203 22:09:53.811" level="INFO">Verifying element 'XPath://*[@id="menu-home-page-menu"]/li[2]/a' contains exact text 'Selenium Java'.</msg>
<status status="PASS" starttime="20210203 22:09:53.809" endtime="20210203 22:09:55.858"></status>
</kw>
<kw name="Element Text Should Be" library="Selenium2Library">
<doc>Verifies that element ``locator`` contains exact the text ``expected``.</doc>
<arguments>
<arg>${FL_Menu_SeleniumCSharp}</arg>
<arg>Selenium C#</arg>
</arguments>
<msg timestamp="20210203 22:09:55.859" level="INFO">Verifying element 'XPath://*[@id="menu-home-page-menu"]/li[3]/a' contains exact text 'Selenium C#'.</msg>
<status status="PASS" starttime="20210203 22:09:55.858" endtime="20210203 22:09:57.907"></status>
</kw>
<kw name="Element Text Should Be" library="Selenium2Library">
<doc>Verifies that element ``locator`` contains exact the text ``expected``.</doc>
<arguments>
<arg>${FL_Menu_SeleniumResources}</arg>
<arg>Selenium Resources</arg>
</arguments>
<msg timestamp="20210203 22:09:57.908" level="INFO">Verifying element 'XPath://*[@id="menu-home-page-menu"]/li[4]/a' contains exact text 'Selenium Resources'.</msg>
<status status="PASS" starttime="20210203 22:09:57.907" endtime="20210203 22:09:59.950"></status>
</kw>
<kw name="Element Text Should Be" library="Selenium2Library">
<doc>Verifies that element ``locator`` contains exact the text ``expected``.</doc>
<arguments>
<arg>${FL_Menu_AutoExercises}</arg>
<arg>Automation Exercises</arg>
</arguments>
<msg timestamp="20210203 22:09:59.950" level="INFO">Verifying element 'XPath://*[@id="menu-home-page-menu"]/li[5]/a' contains exact text 'Automation Exercises'.</msg>
<status status="PASS" starttime="20210203 22:09:59.950" endtime="20210203 22:10:01.989"></status>
</kw>
<kw name="Element Text Should Be" library="Selenium2Library">
<doc>Verifies that element ``locator`` contains exact the text ``expected``.</doc>
<arguments>
<arg>${FL_Menu_Blog}</arg>
<arg>Blog</arg>
</arguments>
<msg timestamp="20210203 22:10:01.990" level="INFO">Verifying element 'XPath://*[@id="menu-home-page-menu"]/li[6]/a' contains exact text 'Blog'.</msg>
<status status="PASS" starttime="20210203 22:10:01.989" endtime="20210203 22:10:04.038"></status>
</kw>
<kw name="Sleep" library="BuiltIn">
<doc>Pauses the test executed for the given time.</doc>
<arguments>
<arg>2s</arg>
</arguments>
<msg timestamp="20210203 22:10:06.043" level="INFO">Slept 2 seconds</msg>
<status status="PASS" starttime="20210203 22:10:04.038" endtime="20210203 22:10:06.043"></status>
</kw>
<kw name="Fechar navegador" library="Config">
<kw name="Close Browser" library="Selenium2Library">
<doc>Closes the current browser.</doc>
<status status="PASS" starttime="20210203 22:10:06.045" endtime="20210203 22:10:09.101"></status>
</kw>
<status status="PASS" starttime="20210203 22:10:06.044" endtime="20210203 22:10:09.102"></status>
</kw>
<status status="PASS" starttime="20210203 22:09:45.619" endtime="20210203 22:10:09.102"></status>
</kw>
<status status="PASS" starttime="20210203 22:09:39.863" endtime="20210203 22:10:09.104" critical="yes"></status>
</test>
<status status="PASS" starttime="20210203 22:09:39.496" endtime="20210203 22:10:09.110"></status>
</suite>
<status status="PASS" starttime="20210203 22:09:39.494" endtime="20210203 22:10:09.115"></status>
</suite>
<status status="PASS" starttime="20210203 22:09:39.467" endtime="20210203 22:10:09.118"></status>
</suite>
<statistics>
<total>
<stat pass="1" fail="0">Critical Tests</stat>
<stat pass="1" fail="0">All Tests</stat>
</total>
<tag>
</tag>
<suite>
<stat pass="1" fail="0" id="s1" name="WEB">WEB</stat>
<stat pass="1" fail="0" id="s1-s1" name="Top9SitePractice">WEB.Top9SitePractice</stat>
<stat pass="1" fail="0" id="s1-s1-s1" name="FakeLandingPageTests">WEB.Top9SitePractice.FakeLandingPageTests</stat>
</suite>
</statistics>
<errors>
</errors>
</robot>
